<?xml version="1.0" encoding="UTF-8"?>
<!-- Generated by org.testng.reporters.JUnitXMLReporter -->
<testsuite hostname="BR902-MJ057AJ0" ignored="0" name="Corillian Transfers" tests="2" failures="0" timestamp="2019-12-19T15:45:16 EST" time="41.365" errors="0">
  <testcase name="ValidCredentialsChromeLogIn" time="17.079" classname="logIn.ValidCredentials"/>
  <testcase name="ValidCredentialsFirefoxLogIn" time="15.014" classname="logIn.ValidCredentials"/>
</testsuite> <!-- Corillian Transfers -->
