<?xml version="1.0" encoding="UTF-8"?>
<!-- Generated by org.testng.reporters.JUnitXMLReporter -->
<testsuite hostname="BR902-MJ057AJ0" ignored="0" name="Cert Log in Users Test Case" tests="4" failures="0" timestamp="2019-09-26T13:54:30 EDT" time="14.65" errors="0">
  <testcase name="launchBrowser" time="10.142" classname="logIn.certLogIn"/>
  <testcase name="navigateToUrl" time="2.361" classname="logIn.certLogIn"/>
  <testcase name="logInTest" time="2.084" classname="logIn.certLogIn"/>
  <testcase name="verifyHomePage" time="0.016" classname="logIn.certLogIn"/>
</testsuite> <!-- Cert Log in Users Test Case -->
