<?xml version="1.0" encoding="UTF-8"?>
<!-- Generated by org.testng.reporters.JUnitXMLReporter -->
<testsuite hostname="BR902-MJ057AJ0" ignored="0" name="Corillian Log in with Valid Users Using FireFox Test Case" tests="2" failures="1" timestamp="2019-09-27T16:55:12 EDT" time="25.345" errors="0">
  <testcase name="navigateToUrl" time="3.618" classname="logIn.ValidCredentials"/>
  <testcase name="logInTest" time="3.105" classname="logIn.ValidCredentials">
    <failure type="java.lang.AssertionError" message="expected [Accounts] but found [Working...]">
      <![CDATA[java.lang.AssertionError: expected [Accounts] but found [Working...]
at logIn.ValidCredentials.logInTest(ValidCredentials.java:109)
at java.util.ArrayList.forEach(Unknown Source)
... Removed 33 stack frames]]>
    </failure>
  </testcase> <!-- logInTest -->
</testsuite> <!-- Corillian Log in with Valid Users Using FireFox Test Case -->
