<?xml version="1.0" encoding="UTF-8"?>
<!-- Generated by org.testng.reporters.JUnitXMLReporter -->
<testsuite hostname="BR902-MJ057AJ0" ignored="0" name="Corillian Log in with Invalid Credentials Using Chrome Test Case" tests="4" failures="0" timestamp="2019-10-04T14:18:04 EDT" time="89.081" errors="0">
  <testcase name="InvalidUsernameChromeLogIn" time="8.257" classname="logIn.InvalidCredentials"/>
  <testcase name="InvalidPasswordChromeLogIn" time="15.199" classname="logIn.InvalidCredentials"/>
  <testcase name="InvalidPasswordFirefoxLogIn" time="11.07" classname="logIn.InvalidCredentials"/>
  <testcase name="InvalidUsernameFirefoxLogIn" time="12.254" classname="logIn.InvalidCredentials"/>
</testsuite> <!-- Corillian Log in with Invalid Credentials Using Chrome Test Case -->
