<?xml version="1.0" encoding="UTF-8"?>
<!-- Generated by org.testng.reporters.JUnitXMLReporter -->
<testsuite hostname="BR902-MJ057AJ0" ignored="0" name="Corillian Log in with Invalid Password Using Chrome Test Case" tests="2" failures="0" timestamp="2019-10-01T16:05:05 EDT" time="12.982" errors="0">
  <testcase name="navigateToUrl" time="3.864" classname="logIn.InvalidCredentials"/>
  <testcase name="logInTest" time="0.901" classname="logIn.InvalidCredentials"/>
</testsuite> <!-- Corillian Log in with Invalid Password Using Chrome Test Case -->
