<?xml version="1.0" encoding="UTF-8"?>
<!-- Generated by org.testng.reporters.JUnitXMLReporter -->
<testsuite hostname="BR902-MJ057AJ0" ignored="0" name="Corillian Log in with Valid Users Using Chrome Test Case" tests="2" failures="1" timestamp="2019-10-01T16:03:47 EDT" time="13.023" errors="0">
  <testcase name="navigateToUrl" time="2.525" classname="logIn.ValidCredentials"/>
  <testcase name="logInTest" time="1.837" classname="logIn.ValidCredentials">
    <failure type="java.lang.AssertionError" message="expected [Accounts] but found [Select Notification Method]">
      <![CDATA[java.lang.AssertionError: expected [Accounts] but found [Select Notification Method]
at logIn.ValidCredentials.logInTest(ValidCredentials.java:127)
at java.util.ArrayList.forEach(Unknown Source)
... Removed 33 stack frames]]>
    </failure>
  </testcase> <!-- logInTest -->
</testsuite> <!-- Corillian Log in with Valid Users Using Chrome Test Case -->
