<?xml version="1.0" encoding="UTF-8"?>
<!-- Generated by org.testng.reporters.JUnitXMLReporter -->
<testsuite hostname="BR902-MJ057AJ0" ignored="2" name="Test" tests="4" failures="0" timestamp="2019-10-07T11:57:44 EDT" time="62.456" errors="0">
  <testcase name="testa" time="14.759" classname="transfers.TransfersTest1"/>
  <testcase name="testb" time="12.928" classname="transfers.TransfersTest1"/>
  <testcase name="test1" time="14.369" classname="transfers.TransfersTest2"/>
  <testcase name="test2" time="11.991" classname="transfers.TransfersTest2"/>
  <testcase name="@AfterSuite tearDown" time="0.0" classname="library.BaseClass">
    <ignored/>
  </testcase> <!-- @AfterSuite tearDown -->
  <testcase name="@BeforeSuite setUpExtentReports" time="0.0" classname="library.BaseClass">
    <ignored/>
  </testcase> <!-- @BeforeSuite setUpExtentReports -->
</testsuite> <!-- Test -->
