<?xml version="1.0" encoding="UTF-8"?>
<testng-results skipped="0" failed="0" ignored="0" total="1" passed="1">
  <reporter-output>
  </reporter-output>
  <suite name="Default suite" duration-ms="112303" started-at="2019-12-19T16:04:04 EST" finished-at="2019-12-19T16:05:56 EST">
    <groups>
    </groups>
    <test name="Default test" duration-ms="112303" started-at="2019-12-19T16:04:04 EST" finished-at="2019-12-19T16:05:56 EST">
      <class name="logIn.ValidCredentials">
        <test-method status="PASS" signature="setUpExtentReports()[pri:0, instance:logIn.ValidCredentials@776aec5c]" name="setUpExtentReports" is-config="true" duration-ms="164" started-at="2019-12-19T16:04:04 EST" finished-at="2019-12-19T16:04:04 EST">
          <reporter-output>
          </reporter-output>
        </test-method> <!-- setUpExtentReports -->
        <test-method status="PASS" signature="ValidCredentialsFirefoxLogIn()[pri:0, instance:logIn.ValidCredentials@776aec5c]" name="ValidCredentialsFirefoxLogIn" duration-ms="109379" started-at="2019-12-19T16:04:04 EST" finished-at="2019-12-19T16:05:54 EST">
          <reporter-output>
          </reporter-output>
        </test-method> <!-- ValidCredentialsFirefoxLogIn -->
        <test-method status="PASS" signature="getResult(org.testng.ITestResult)[pri:0, instance:logIn.ValidCredentials@776aec5c]" name="getResult" is-config="true" duration-ms="2898" started-at="2019-12-19T16:05:54 EST" finished-at="2019-12-19T16:05:56 EST">
          <params>
            <param index="0">
              <value>
                <![CDATA[[TestResult name=ValidCredentialsFirefoxLogIn status=SUCCESS method=ValidCredentials.ValidCredentialsFirefoxLogIn()[pri:0, instance:logIn.ValidCredentials@776aec5c] output={null}]]]>
              </value>
            </param>
          </params>
          <reporter-output>
          </reporter-output>
        </test-method> <!-- getResult -->
        <test-method status="PASS" signature="tearDown()[pri:0, instance:logIn.ValidCredentials@776aec5c]" name="tearDown" is-config="true" duration-ms="377" started-at="2019-12-19T16:05:56 EST" finished-at="2019-12-19T16:05:57 EST">
          <reporter-output>
          </reporter-output>
        </test-method> <!-- tearDown -->
      </class> <!-- logIn.ValidCredentials -->
    </test> <!-- Default test -->
  </suite> <!-- Default suite -->
</testng-results>
